current directory: /Users/mikekruszewski/Development/flatiron/Sinatra/sinatra-restful-routes-lab/.bundle/gems/json-1.8.3/ext/json/ext/generator
/Users/mikekruszewski/.rvm/rubies/ruby-2.5.0/bin/ruby -r ./siteconf20180310-88925-1oq5eg7.rb extconf.rb
creating Makefile

current directory: /Users/mikekruszewski/Development/flatiron/Sinatra/sinatra-restful-routes-lab/.bundle/gems/json-1.8.3/ext/json/ext/generator
make "DESTDIR=" clean

current directory: /Users/mikekruszewski/Development/flatiron/Sinatra/sinatra-restful-routes-lab/.bundle/gems/json-1.8.3/ext/json/ext/generator
make "DESTDIR="
compiling generator.c
generator.c:861:25: error: use of undeclared identifier 'rb_cFixnum'
    } else if (klass == rb_cFixnum) {
                        ^
generator.c:863:25: error: use of undeclared identifier 'rb_cBignum'
    } else if (klass == rb_cBignum) {
                        ^
generator.c:975:5: warning: division by zero is undefined [-Wdivision-by-zero]
    rb_scan_args(argc, argv, "01", &opts);
    ^~~~~~~~~~~~~~~~~~~~~~~~~~~~~~~~~~~~~
/Users/mikekruszewski/.rvm/rubies/ruby-2.5.0/include/ruby-2.5.0/ruby/ruby.h:2178:9: note: expanded from macro 'rb_scan_args'
        rb_scan_args0(argc,argvp,fmt,\
        ^~~~~~~~~~~~~~~~~~~~~~~~~~~~~~
/Users/mikekruszewski/.rvm/rubies/ruby-2.5.0/include/ruby-2.5.0/ruby/ruby.h:2351:9: note: expanded from macro 'rb_scan_args0'
                     (rb_scan_args_verify(fmt, varc), vars))
                      ^~~~~~~~~~~~~~~~~~~~~~~~~~~~~~
/Users/mikekruszewski/.rvm/rubies/ruby-2.5.0/include/ruby-2.5.0/ruby/ruby.h:2236:11: note: expanded from macro 'rb_scan_args_verify'
        verify = rb_scan_args_verify_count(fmt, varc); \
                 ^~~~~~~~~~~~~~~~~~~~~~~~~~~~~~~~~~~~
note: (skipping 4 expansions in backtrace; use -fmacro-backtrace-limit=0 to see all)
/Users/mikekruszewski/.rvm/rubies/ruby-2.5.0/include/ruby-2.5.0/ruby/ruby.h:2202:6: note: expanded from macro 'rb_scan_args_count_hash'
     rb_scan_args_count_block(fmt, ofs, varc, vari) : \
     ^~~~~~~~~~~~~~~~~~~~~~~~~~~~~~~~~~~~~~~~~~~~~~
/Users/mikekruszewski/.rvm/rubies/ruby-2.5.0/include/ruby-2.5.0/ruby/ruby.h:2197:6: note: expanded from macro 'rb_scan_args_count_block'
     rb_scan_args_count_end(fmt, ofs, varc, vari) : \
     ^~~~~~~~~~~~~~~~~~~~~~~~~~~~~~~~~~~~~~~~~~~~
/Users/mikekruszewski/.rvm/rubies/ruby-2.5.0/include/ruby-2.5.0/ruby/ruby.h:2193:12: note: expanded from macro 'rb_scan_args_count_end'
    ((vari)/(!fmt[ofs] || rb_scan_args_bad_format(fmt)))
           ^~~~~~~~~~~~~~~~~~~~~~~~~~~~~~~~~~~~~~~~~~~~
generator.c:975:5: warning: division by zero is undefined [-Wdivision-by-zero]
    rb_scan_args(argc, argv, "01", &opts);
    ^~~~~~~~~~~~~~~~~~~~~~~~~~~~~~~~~~~~~
/Users/mikekruszewski/.rvm/rubies/ruby-2.5.0/include/ruby-2.5.0/ruby/ruby.h:2178:9: note: expanded from macro 'rb_scan_args'
        rb_scan_args0(argc,argvp,fmt,\
        ^~~~~~~~~~~~~~~~~~~~~~~~~~~~~~
/Users/mikekruszewski/.rvm/rubies/ruby-2.5.0/include/ruby-2.5.0/ruby/ruby.h:2351:9: note: expanded from macro 'rb_scan_args0'
                     (rb_scan_args_verify(fmt, varc), vars))
                      ^~~~~~~~~~~~~~~~~~~~~~~~~~~~~~
/Users/mikekruszewski/.rvm/rubies/ruby-2.5.0/include/ruby-2.5.0/ruby/ruby.h:2236:11: note: expanded from macro 'rb_scan_args_verify'
        verify = rb_scan_args_verify_count(fmt, varc); \
                 ^~~~~~~~~~~~~~~~~~~~~~~~~~~~~~~~~~~~
note: (skipping 4 expansions in backtrace; use -fmacro-backtrace-limit=0 to see all)
/Users/mikekruszewski/.rvm/rubies/ruby-2.5.0/include/ruby-2.5.0/ruby/ruby.h:2202:6: note: expanded from macro 'rb_scan_args_count_hash'
     rb_scan_args_count_block(fmt, ofs, varc, vari) : \
     ^~~~~~~~~~~~~~~~~~~~~~~~~~~~~~~~~~~~~~~~~~~~~~
/Users/mikekruszewski/.rvm/rubies/ruby-2.5.0/include/ruby-2.5.0/ruby/ruby.h:2198:6: note: expanded from macro 'rb_scan_args_count_block'
     rb_scan_args_count_end(fmt, ofs+1, varc, vari+1))
     ^~~~~~~~~~~~~~~~~~~~~~~~~~~~~~~~~~~~~~~~~~~~~~~~
/Users/mikekruszewski/.rvm/rubies/ruby-2.5.0/include/ruby-2.5.0/ruby/ruby.h:2193:12: note: expanded from macro 'rb_scan_args_count_end'
    ((vari)/(!fmt[ofs] || rb_scan_args_bad_format(fmt)))
           ^~~~~~~~~~~~~~~~~~~~~~~~~~~~~~~~~~~~~~~~~~~~
generator.c:975:5: warning: division by zero is undefined [-Wdivision-by-zero]
    rb_scan_args(argc, argv, "01", &opts);
    ^~~~~~~~~~~~~~~~~~~~~~~~~~~~~~~~~~~~~
/Users/mikekruszewski/.rvm/rubies/ruby-2.5.0/include/ruby-2.5.0/ruby/ruby.h:2178:9: note: expanded from macro 'rb_scan_args'
        rb_scan_args0(argc,argvp,fmt,\
        ^~~~~~~~~~~~~~~~~~~~~~~~~~~~~~
/Users/mikekruszewski/.rvm/rubies/ruby-2.5.0/include/ruby-2.5.0/ruby/ruby.h:2351:9: note: expanded from macro 'rb_scan_args0'
                     (rb_scan_args_verify(fmt, varc), vars))
                      ^~~~~~~~~~~~~~~~~~~~~~~~~~~~~~
/Users/mikekruszewski/.rvm/rubies/ruby-2.5.0/include/ruby-2.5.0/ruby/ruby.h:2236:11: note: expanded from macro 'rb_scan_args_verify'
        verify = rb_scan_args_verify_count(fmt, varc); \
                 ^~~~~~~~~~~~~~~~~~~~~~~~~~~~~~~~~~~~
note: (skipping 4 expansions in backtrace; use -fmacro-backtrace-limit=0 to see all)
/Users/mikekruszewski/.rvm/rubies/ruby-2.5.0/include/ruby-2.5.0/ruby/ruby.h:2203:6: note: expanded from macro 'rb_scan_args_count_hash'
     rb_scan_args_count_block(fmt, ofs+1, varc, vari+1))
     ^~~~~~~~~~~~~~~~~~~~~~~~~~~~~~~~~~~~~~~~~~~~~~~~~~
/Users/mikekruszewski/.rvm/rubies/ruby-2.5.0/include/ruby-2.5.0/ruby/ruby.h:2197:6: note: expanded from macro 'rb_scan_args_count_block'
     rb_scan_args_count_end(fmt, ofs, varc, vari) : \
     ^~~~~~~~~~~~~~~~~~~~~~~~~~~~~~~~~~~~~~~~~~~~
/Users/mikekruszewski/.rvm/rubies/ruby-2.5.0/include/ruby-2.5.0/ruby/ruby.h:2193:12: note: expanded from macro 'rb_scan_args_count_end'
    ((vari)/(!fmt[ofs] || rb_scan_args_bad_format(fmt)))
           ^~~~~~~~~~~~~~~~~~~~~~~~~~~~~~~~~~~~~~~~~~~~
generator.c:975:5: warning: division by zero is undefined [-Wdivision-by-zero]
    rb_scan_args(argc, argv, "01", &opts);
    ^~~~~~~~~~~~~~~~~~~~~~~~~~~~~~~~~~~~~
/Users/mikekruszewski/.rvm/rubies/ruby-2.5.0/include/ruby-2.5.0/ruby/ruby.h:2178:9: note: expanded from macro 'rb_scan_args'
        rb_scan_args0(argc,argvp,fmt,\
        ^~~~~~~~~~~~~~~~~~~~~~~~~~~~~~
/Users/mikekruszewski/.rvm/rubies/ruby-2.5.0/include/ruby-2.5.0/ruby/ruby.h:2351:9: note: expanded from macro 'rb_scan_args0'
                     (rb_scan_args_verify(fmt, varc), vars))
                      ^~~~~~~~~~~~~~~~~~~~~~~~~~~~~~
/Users/mikekruszewski/.rvm/rubies/ruby-2.5.0/include/ruby-2.5.0/ruby/ruby.h:2236:11: note: expanded from macro 'rb_scan_args_verify'
        verify = rb_scan_args_verify_count(fmt, varc); \
                 ^~~~~~~~~~~~~~~~~~~~~~~~~~~~~~~~~~~~
note: (skipping 4 expansions in backtrace; use -fmacro-backtrace-limit=0 to see all)
/Users/mikekruszewski/.rvm/rubies/ruby-2.5.0/include/ruby-2.5.0/ruby/ruby.h:2202:6: note: expanded from macro 'rb_scan_args_count_hash'
     rb_scan_args_count_block(fmt, ofs, varc, vari) : \
     ^~~~~~~~~~~~~~~~~~~~~~~~~~~~~~~~~~~~~~~~~~~~~~
/Users/mikekruszewski/.rvm/rubies/ruby-2.5.0/include/ruby-2.5.0/ruby/ruby.h:2197:6: note: expanded from macro 'rb_scan_args_count_block'
     rb_scan_args_count_end(fmt, ofs, varc, vari) : \
     ^~~~~~~~~~~~~~~~~~~~~~~~~~~~~~~~~~~~~~~~~~~~
/Users/mikekruszewski/.rvm/rubies/ruby-2.5.0/include/ruby-2.5.0/ruby/ruby.h:2193:12: note: expanded from macro 'rb_scan_args_count_end'
    ((vari)/(!fmt[ofs] || rb_scan_args_bad_format(fmt)))
           ^~~~~~~~~~~~~~~~~~~~~~~~~~~~~~~~~~~~~~~~~~~~
generator.c:975:5: warning: division by zero is undefined [-Wdivision-by-zero]
    rb_scan_args(argc, argv, "01", &opts);
    ^~~~~~~~~~~~~~~~~~~~~~~~~~~~~~~~~~~~~
/Users/mikekruszewski/.rvm/rubies/ruby-2.5.0/include/ruby-2.5.0/ruby/ruby.h:2178:9: note: expanded from macro 'rb_scan_args'
        rb_scan_args0(argc,argvp,fmt,\
        ^~~~~~~~~~~~~~~~~~~~~~~~~~~~~~
/Users/mikekruszewski/.rvm/rubies/ruby-2.5.0/include/ruby-2.5.0/ruby/ruby.h:2351:9: note: expanded from macro 'rb_scan_args0'
                     (rb_scan_args_verify(fmt, varc), vars))
                      ^~~~~~~~~~~~~~~~~~~~~~~~~~~~~~
/Users/mikekruszewski/.rvm/rubies/ruby-2.5.0/include/ruby-2.5.0/ruby/ruby.h:2236:11: note: expanded from macro 'rb_scan_args_verify'
        verify = rb_scan_args_verify_count(fmt, varc); \
                 ^~~~~~~~~~~~~~~~~~~~~~~~~~~~~~~~~~~~
note: (skipping 4 expansions in backtrace; use -fmacro-backtrace-limit=0 to see all)
/Users/mikekruszewski/.rvm/rubies/ruby-2.5.0/include/ruby-2.5.0/ruby/ruby.h:2202:6: note: expanded from macro 'rb_scan_args_count_hash'
     rb_scan_args_count_block(fmt, ofs, varc, vari) : \
     ^~~~~~~~~~~~~~~~~~~~~~~~~~~~~~~~~~~~~~~~~~~~~~
/Users/mikekruszewski/.rvm/rubies/ruby-2.5.0/include/ruby-2.5.0/ruby/ruby.h:2197:6: note: expanded from macro 'rb_scan_args_count_block'
     rb_scan_args_count_end(fmt, ofs, varc, vari) : \
     ^~~~~~~~~~~~~~~~~~~~~~~~~~~~~~~~~~~~~~~~~~~~
/Users/mikekruszewski/.rvm/rubies/ruby-2.5.0/include/ruby-2.5.0/ruby/ruby.h:2193:12: note: expanded from macro 'rb_scan_args_count_end'
    ((vari)/(!fmt[ofs] || rb_scan_args_bad_format(fmt)))
           ^~~~~~~~~~~~~~~~~~~~~~~~~~~~~~~~~~~~~~~~~~~~
generator.c:975:5: warning: division by zero is undefined [-Wdivision-by-zero]
    rb_scan_args(argc, argv, "01", &opts);
    ^~~~~~~~~~~~~~~~~~~~~~~~~~~~~~~~~~~~~
/Users/mikekruszewski/.rvm/rubies/ruby-2.5.0/include/ruby-2.5.0/ruby/ruby.h:2178:9: note: expanded from macro 'rb_scan_args'
        rb_scan_args0(argc,argvp,fmt,\
        ^~~~~~~~~~~~~~~~~~~~~~~~~~~~~~
/Users/mikekruszewski/.rvm/rubies/ruby-2.5.0/include/ruby-2.5.0/ruby/ruby.h:2351:9: note: expanded from macro 'rb_scan_args0'
                     (rb_scan_args_verify(fmt, varc), vars))
                      ^~~~~~~~~~~~~~~~~~~~~~~~~~~~~~
/Users/mikekruszewski/.rvm/rubies/ruby-2.5.0/include/ruby-2.5.0/ruby/ruby.h:2236:11: note: expanded from macro 'rb_scan_args_verify'
        verify = rb_scan_args_verify_count(fmt, varc); \
                 ^~~~~~~~~~~~~~~~~~~~~~~~~~~~~~~~~~~~
note: (skipping 5 expansions in backtrace; use -fmacro-backtrace-limit=0 to see all)
/Users/mikekruszewski/.rvm/rubies/ruby-2.5.0/include/ruby-2.5.0/ruby/ruby.h:2202:6: note: expanded from macro 'rb_scan_args_count_hash'
     rb_scan_args_count_block(fmt, ofs, varc, vari) : \
     ^~~~~~~~~~~~~~~~~~~~~~~~~~~~~~~~~~~~~~~~~~~~~~
/Users/mikekruszewski/.rvm/rubies/ruby-2.5.0/include/ruby-2.5.0/ruby/ruby.h:2197:6: note: expanded from macro 'rb_scan_args_count_block'
     rb_scan_args_count_end(fmt, ofs, varc, vari) : \
     ^~~~~~~~~~~~~~~~~~~~~~~~~~~~~~~~~~~~~~~~~~~~
/Users/mikekruszewski/.rvm/rubies/ruby-2.5.0/include/ruby-2.5.0/ruby/ruby.h:2193:12: note: expanded from macro 'rb_scan_args_count_end'
    ((vari)/(!fmt[ofs] || rb_scan_args_bad_format(fmt)))
           ^~~~~~~~~~~~~~~~~~~~~~~~~~~~~~~~~~~~~~~~~~~~
6 warnings and 2 errors generated.
make: *** [generator.o] Error 1

make failed, exit code 2
